<?xml version="1.0" encoding="UTF-8"?>
<testsuite xmlns:xsi="http://www.w3.org/2001/XMLSchema-instance" xsi:noNamespaceSchemaLocation="https://maven.apache.org/surefire/maven-surefire-plugin/xsd/surefire-test-report-3.0.xsd" version="3.0" name="com.fleet.dispatch.repository.JobRepositoryTest" time="7.102" tests="4" errors="0" skipped="0" failures="0">
  <properties>
[...]
</properties>
  <testcase name="findActiveJobByDriverId_shouldReturnEmpty_whenDriverHasNoActiveJob" classname="com.fleet.dispatch.repository.JobRepositoryTest" time="0.479">
    <system-out><![CDATA[2026-06-12T11:10:16.038+05:30  INFO 2160 --- [fleet-dispatch-system] [           main] t.c.s.AnnotationConfigContextLoaderUtils : Could not detect default configuration classes for test class [com.fleet.dispatch.repository.JobRepositoryTest]: JobRepositoryTest does not declare any static, non-private, non-final, nested classes annotated with @Configuration.
2026-06-12T11:10:16.093+05:30  INFO 2160 --- [fleet-dispatch-system] [           main] .b.t.c.SpringBootTestContextBootstrapper : Found @SpringBootConfiguration com.fleet.dispatch.FleetDispatchApplication for test class com.fleet.dispatch.repository.JobRepositoryTest

  .   ____          _            __ _ _
 /\\ / ___'_ __ _ _(_)_ __  __ _ \ \ \ \
( ( )\___ | '_ | '_| | '_ \/ _` | \ \ \ \
 \\/  ___)| |_)| | | | | || (_| |  ) ) ) )
  '  |____| .__|_| |_|_| |_\__, | / / / /
 =========|_|==============|___/=/_/_/_/
 :: Spring Boot ::                (v3.2.5)

2026-06-12T11:10:16.181+05:30  INFO 2160 --- [fleet-dispatch-system] [           main] c.f.d.repository.JobRepositoryTest       : Starting JobRepositoryTest using Java 22.0.2 with PID 2160 (started by DELL in C:\code\fleet-dispatch-system)
2026-06-12T11:10:16.183+05:30  INFO 2160 --- [fleet-dispatch-system] [           main] c.f.d.repository.JobRepositoryTest       : No active profile set, falling back to 1 default profile: "default"
2026-06-12T11:10:16.581+05:30  INFO 2160 --- [fleet-dispatch-system] [           main] .s.d.r.c.RepositoryConfigurationDelegate : Bootstrapping Spring Data JPA repositories in DEFAULT mode.
2026-06-12T11:10:16.708+05:30  INFO 2160 --- [fleet-dispatch-system] [           main] .s.d.r.c.RepositoryConfigurationDelegate : Finished Spring Data repository scanning in 110 ms. Found 4 JPA repository interfaces.
2026-06-12T11:10:16.814+05:30  INFO 2160 --- [fleet-dispatch-system] [           main] beddedDataSourceBeanFactoryPostProcessor : Replacing 'dataSource' DataSource bean with embedded version
2026-06-12T11:10:16.944+05:30  INFO 2160 --- [fleet-dispatch-system] [           main] o.s.j.d.e.EmbeddedDatabaseFactory        : Starting embedded database: url='jdbc:h2:mem:633195eb-4109-4571-9309-fff1a6713638;DB_CLOSE_DELAY=-1;DB_CLOSE_ON_EXIT=false', username='sa'
2026-06-12T11:10:17.606+05:30  INFO 2160 --- [fleet-dispatch-system] [           main] o.hibernate.jpa.internal.util.LogHelper  : HHH000204: Processing PersistenceUnitInfo [name: default]
2026-06-12T11:10:17.800+05:30  INFO 2160 --- [fleet-dispatch-system] [           main] org.hibernate.Version                    : HHH000412: Hibernate ORM core version 6.4.4.Final
2026-06-12T11:10:17.892+05:30  INFO 2160 --- [fleet-dispatch-system] [           main] o.h.c.internal.RegionFactoryInitiator    : HHH000026: Second-level cache disabled
2026-06-12T11:10:18.224+05:30  INFO 2160 --- [fleet-dispatch-system] [           main] o.s.o.j.p.SpringPersistenceUnitInfo      : No LoadTimeWeaver setup: ignoring JPA class transformer
2026-06-12T11:10:20.347+05:30  INFO 2160 --- [fleet-dispatch-system] [           main] o.h.e.t.j.p.i.JtaPlatformInitiator       : HHH000489: No JTA platform available (set 'hibernate.transaction.jta.platform' to enable JTA platform integration)
Hibernate: drop table if exists drivers cascade 
Hibernate: drop table if exists job_status_logs cascade 
Hibernate: drop table if exists jobs cascade 
Hibernate: drop table if exists vehicles cascade 
Hibernate: create table drivers (created_at timestamp(6) not null, id bigint generated by default as identity, updated_at timestamp(6) not null, version bigint, license_number varchar(255) not null unique, name varchar(255) not null, phone_number varchar(255), status varchar(255) not null check (status in ('AVAILABLE','ON_JOB','OFFLINE')), primary key (id))
Hibernate: create table job_status_logs (changed_at timestamp(6) not null, created_at timestamp(6) not null, id bigint generated by default as identity, job_id bigint not null, updated_at timestamp(6) not null, from_status varchar(255) not null check (from_status in ('UNASSIGNED','ASSIGNED','IN_PROGRESS','COMPLETED','CANCELLED')), notes varchar(255), to_status varchar(255) not null check (to_status in ('UNASSIGNED','ASSIGNED','IN_PROGRESS','COMPLETED','CANCELLED')), primary key (id))
Hibernate: create table jobs (created_at timestamp(6) not null, driver_id bigint, id bigint generated by default as identity, scheduled_at timestamp(6) not null, updated_at timestamp(6) not null, delivery_address varchar(255) not null, description varchar(255) not null, pickup_address varchar(255) not null, status varchar(255) not null check (status in ('UNASSIGNED','ASSIGNED','IN_PROGRESS','COMPLETED','CANCELLED')), primary key (id))
Hibernate: create table vehicles (capacity_kg numeric(38,2), created_at timestamp(6) not null, driver_id bigint, id bigint generated by default as identity, updated_at timestamp(6) not null, plate_number varchar(255) not null unique, type varchar(255), primary key (id))
Hibernate: alter table if exists job_status_logs add constraint FKks4lbog6kn3nfsflvi8xlpnoi foreign key (job_id) references jobs
Hibernate: alter table if exists jobs add constraint FKkwowj61otp4rrq97u7gmlxq0m foreign key (driver_id) references drivers
Hibernate: alter table if exists vehicles add constraint FKaashphrwfd4ts511y8vj785ia foreign key (driver_id) references drivers
2026-06-12T11:10:20.480+05:30  INFO 2160 --- [fleet-dispatch-system] [           main] j.LocalContainerEntityManagerFactoryBean : Initialized JPA EntityManagerFactory for persistence unit 'default'
2026-06-12T11:10:21.184+05:30  INFO 2160 --- [fleet-dispatch-system] [           main] o.s.d.j.r.query.QueryEnhancerFactory     : Hibernate is in classpath; If applicable, HQL parser will be used.
2026-06-12T11:10:22.527+05:30  INFO 2160 --- [fleet-dispatch-system] [           main] c.f.d.repository.JobRepositoryTest       : Started JobRepositoryTest in 6.428 seconds (process running for 15.953)
Hibernate: insert into drivers (created_at,license_number,name,phone_number,status,updated_at,version,id) values (?,?,?,?,?,?,?,default)
Hibernate: insert into jobs (created_at,delivery_address,description,driver_id,pickup_address,scheduled_at,status,updated_at,id) values (?,?,?,?,?,?,?,?,default)
Hibernate: select j1_0.id,j1_0.created_at,j1_0.delivery_address,j1_0.description,j1_0.driver_id,j1_0.pickup_address,j1_0.scheduled_at,j1_0.status,j1_0.updated_at from jobs j1_0 where j1_0.driver_id=? and (j1_0.status='IN_PROGRESS' or j1_0.status='ASSIGNED')
]]></system-out>
  </testcase>
  <testcase name="findAllByDriverIdAndScheduledAtBetween_shouldReturnOnlyJobsInRange" classname="com.fleet.dispatch.repository.JobRepositoryTest" time="0.076">
    <system-out><![CDATA[Hibernate: insert into drivers (created_at,license_number,name,phone_number,status,updated_at,version,id) values (?,?,?,?,?,?,?,default)
Hibernate: insert into jobs (created_at,delivery_address,description,driver_id,pickup_address,scheduled_at,status,updated_at,id) values (?,?,?,?,?,?,?,?,default)
Hibernate: insert into jobs (created_at,delivery_address,description,driver_id,pickup_address,scheduled_at,status,updated_at,id) values (?,?,?,?,?,?,?,?,default)
Hibernate: insert into jobs (created_at,delivery_address,description,driver_id,pickup_address,scheduled_at,status,updated_at,id) values (?,?,?,?,?,?,?,?,default)
Hibernate: select j1_0.id,j1_0.created_at,j1_0.delivery_address,j1_0.description,j1_0.driver_id,j1_0.pickup_address,j1_0.scheduled_at,j1_0.status,j1_0.updated_at from jobs j1_0 left join drivers d1_0 on d1_0.id=j1_0.driver_id where d1_0.id=? and j1_0.scheduled_at between ? and ?
]]></system-out>
  </testcase>
  <testcase name="findActiveJobByDriverId_shouldReturnJob_whenStatusIsInProgressOrAssigned" classname="com.fleet.dispatch.repository.JobRepositoryTest" time="0.022">
    <system-out><![CDATA[Hibernate: insert into drivers (created_at,license_number,name,phone_number,status,updated_at,version,id) values (?,?,?,?,?,?,?,default)
Hibernate: insert into jobs (created_at,delivery_address,description,driver_id,pickup_address,scheduled_at,status,updated_at,id) values (?,?,?,?,?,?,?,?,default)
Hibernate: select j1_0.id,j1_0.created_at,j1_0.delivery_address,j1_0.description,j1_0.driver_id,j1_0.pickup_address,j1_0.scheduled_at,j1_0.status,j1_0.updated_at from jobs j1_0 where j1_0.driver_id=? and (j1_0.status='IN_PROGRESS' or j1_0.status='ASSIGNED')
]]></system-out>
  </testcase>
  <testcase name="findActiveJobByDriverId_shouldReturnEmpty_whenDriverHasNoJobsAtAll" classname="com.fleet.dispatch.repository.JobRepositoryTest" time="0.014">
    <system-out><![CDATA[Hibernate: insert into drivers (created_at,license_number,name,phone_number,status,updated_at,version,id) values (?,?,?,?,?,?,?,default)
Hibernate: select j1_0.id,j1_0.created_at,j1_0.delivery_address,j1_0.description,j1_0.driver_id,j1_0.pickup_address,j1_0.scheduled_at,j1_0.status,j1_0.updated_at from jobs j1_0 where j1_0.driver_id=? and (j1_0.status='IN_PROGRESS' or j1_0.status='ASSIGNED')
]]></system-out>
  </testcase>
</testsuite>